<?xml version="1.0" encoding="UTF-8" ?>
<testsuite errors="1" failures="0" hostname="wpds-MacBook-Pro.local" name=" RationalTest " skipped="0" tests="1" time="0.0" timestamp="2021-09-07T09:31:49">
  <properties>
    <property name="ant.project.invoked-targets" value="test" />
    <property name="java.runtime.name" value="OpenJDK Runtime Environment" />
    <property name="sun.boot.library.path" value="/Users/wipadakaewthong/Library/Java/JavaVirtualMachines/liberica-1.8.0_302/jre/lib" />
    <property name="java.vm.version" value="25.302-b08" />
    <property name="ant.library.dir" value="/Applications/IntelliJ IDEA.app/Contents/lib/ant/lib" />
    <property name="gopherProxySet" value="false" />
    <property name="ant.version" value="Apache Ant(TM) version 1.10.5 compiled on July 10 2018" />
    <property name="ant.java.version" value="1.8" />
    <property name="java.vm.vendor" value="BellSoft" />
    <property name="java.vendor.url" value="https://bell-sw.com/" />
    <property name="path.separator" value=":" />
    <property name="java.vm.name" value="OpenJDK 64-Bit Server VM" />
    <property name="file.encoding.pkg" value="sun.io" />
    <property name="user.country" value="TH" />
    <property name="sun.java.launcher" value="SUN_STANDARD" />
    <property name="sun.os.patch.level" value="unknown" />
    <property name="java.vm.specification.name" value="Java Virtual Machine Specification" />
    <property name="user.dir" value="/Users/wipadakaewthong/Rational" />
    <property name="java.runtime.version" value="1.8.0_302-b08" />
    <property name="java.awt.graphicsenv" value="sun.awt.CGraphicsEnvironment" />
    <property name="basedir" value="/Users/wipadakaewthong/Rational" />
    <property name="java.endorsed.dirs" value="/Users/wipadakaewthong/Library/Java/JavaVirtualMachines/liberica-1.8.0_302/jre/lib/endorsed" />
    <property name="os.arch" value="aarch64" />
    <property name="java.io.tmpdir" value="/var/folders/_x/6mmmq0tj3fxbq1wldmzl9mfc0000gn/T/" />
    <property name="ant.core.lib" value="/Applications/IntelliJ IDEA.app/Contents/lib/ant/lib/ant.jar" />
    <property name="line.separator" value="&#xa;" />
    <property name="java.vm.specification.vendor" value="Oracle Corporation" />
    <property name="os.name" value="Mac OS X" />
    <property name="ant.home" value="/Applications/IntelliJ IDEA.app/Contents/lib/ant" />
    <property name="sun.jnu.encoding" value="UTF-8" />
    <property name="java.library.path" value="/Users/wipadakaewthong/Library/Java/Extensions:/Library/Java/Extensions:/Network/Library/Java/Extensions:/System/Library/Java/Extensions:/usr/lib/java:." />
    <property name="java.specification.name" value="Java Platform API Specification" />
    <property name="java.class.version" value="52.0" />
    <property name="sun.management.compiler" value="HotSpot 64-Bit Tiered Compilers" />
    <property name="os.version" value="11.5.2" />
    <property name="ant.file" value="/Users/wipadakaewthong/Rational/build.xml" />
    <property name="http.nonProxyHosts" value="local|*.local|169.254/16|*.169.254/16" />
    <property name="user.home" value="/Users/wipadakaewthong" />
    <property name="user.timezone" value="" />
    <property name="java.awt.printerjob" value="sun.lwawt.macosx.CPrinterJob" />
    <property name="java.specification.version" value="1.8" />
    <property name="file.encoding" value="UTF-8" />
    <property name="java.class.path" value="/Users/wipadakaewthong/Library/Java/JavaVirtualMachines/liberica-1.8.0_302/lib/ant-javafx.jar:/Users/wipadakaewthong/Library/Java/JavaVirtualMachines/liberica-1.8.0_302/lib/dt.jar:/Users/wipadakaewthong/Library/Java/JavaVirtualMachines/liberica-1.8.0_302/lib/javafx-mx.jar:/Users/wipadakaewthong/Library/Java/JavaVirtualMachines/liberica-1.8.0_302/lib/jconsole.jar:/Users/wipadakaewthong/Library/Java/JavaVirtualMachines/liberica-1.8.0_302/lib/packager.jar:/Users/wipadakaewthong/Library/Java/JavaVirtualMachines/liberica-1.8.0_302/lib/sa-jdi.jar:/Users/wipadakaewthong/Library/Java/JavaVirtualMachines/liberica-1.8.0_302/lib/tools.jar:/Applications/IntelliJ IDEA.app/Contents/lib/ant/lib/ant-commons-net.jar:/Applications/IntelliJ IDEA.app/Contents/lib/ant/lib/ant-xz.jar:/Applications/IntelliJ IDEA.app/Contents/lib/ant/lib/ant-junit4.jar:/Applications/IntelliJ IDEA.app/Contents/lib/ant/lib/ant-jai.jar:/Applications/IntelliJ IDEA.app/Contents/lib/ant/lib/ant-apache-resolver.jar:/Applications/IntelliJ IDEA.app/Contents/lib/ant/lib/ant-jdepend.jar:/Applications/IntelliJ IDEA.app/Contents/lib/ant/lib/ant-apache-regexp.jar:/Applications/IntelliJ IDEA.app/Contents/lib/ant/lib/ant-apache-log4j.jar:/Applications/IntelliJ IDEA.app/Contents/lib/ant/lib/ant-javamail.jar:/Applications/IntelliJ IDEA.app/Contents/lib/ant/lib/ant-apache-bcel.jar:/Applications/IntelliJ IDEA.app/Contents/lib/ant/lib/ant.jar:/Applications/IntelliJ IDEA.app/Contents/lib/ant/lib/ant-netrexx.jar:/Applications/IntelliJ IDEA.app/Contents/lib/ant/lib/ant-swing.jar:/Applications/IntelliJ IDEA.app/Contents/lib/ant/lib/ant-jsch.jar:/Applications/IntelliJ IDEA.app/Contents/lib/ant/lib/ant-junitlauncher.jar:/Applications/IntelliJ IDEA.app/Contents/lib/ant/lib/ant-junit.jar:/Applications/IntelliJ IDEA.app/Contents/lib/ant/lib/ant-launcher.jar:/Applications/IntelliJ IDEA.app/Contents/lib/ant/lib/ant-antlr.jar:/Applications/IntelliJ IDEA.app/Contents/lib/ant/lib/ant-testutil.jar:/Applications/IntelliJ IDEA.app/Contents/lib/ant/lib/ant-apache-oro.jar:/Applications/IntelliJ IDEA.app/Contents/lib/ant/lib/ant-jmf.jar:/Applications/IntelliJ IDEA.app/Contents/lib/ant/lib/ant-apache-xalan2.jar:/Applications/IntelliJ IDEA.app/Contents/lib/ant/lib/ant-apache-bsf.jar:/Applications/IntelliJ IDEA.app/Contents/lib/ant/lib/ant-commons-logging.jar:/Applications/IntelliJ IDEA.app/Contents/lib/idea_rt.jar" />
    <property name="user.name" value="wipadakaewthong" />
    <property name="java.vm.specification.version" value="1.8" />
    <property name="java.home" value="/Users/wipadakaewthong/Library/Java/JavaVirtualMachines/liberica-1.8.0_302/jre" />
    <property name="sun.arch.data.model" value="64" />
    <property name="sun.java.command" value="com.intellij.rt.ant.execution.AntMain2 -logger com.intellij.rt.ant.execution.IdeaAntLogger2 -inputhandler com.intellij.rt.ant.execution.IdeaInputHandler -buildfile /Users/wipadakaewthong/Rational/build.xml test" />
    <property name="user.language" value="en" />
    <property name="java.specification.vendor" value="Oracle Corporation" />
    <property name="awt.toolkit" value="sun.lwawt.macosx.LWCToolkit" />
    <property name="java.vm.info" value="mixed mode" />
    <property name="java.version" value="1.8.0_302" />
    <property name="java.ext.dirs" value="/Users/wipadakaewthong/Library/Java/Extensions:/Users/wipadakaewthong/Library/Java/JavaVirtualMachines/liberica-1.8.0_302/jre/lib/ext:/Library/Java/Extensions:/Network/Library/Java/Extensions:/System/Library/Java/Extensions:/usr/lib/java" />
    <property name="sun.boot.class.path" value="/Users/wipadakaewthong/Library/Java/JavaVirtualMachines/liberica-1.8.0_302/jre/lib/resources.jar:/Users/wipadakaewthong/Library/Java/JavaVirtualMachines/liberica-1.8.0_302/jre/lib/rt.jar:/Users/wipadakaewthong/Library/Java/JavaVirtualMachines/liberica-1.8.0_302/jre/lib/sunrsasign.jar:/Users/wipadakaewthong/Library/Java/JavaVirtualMachines/liberica-1.8.0_302/jre/lib/jsse.jar:/Users/wipadakaewthong/Library/Java/JavaVirtualMachines/liberica-1.8.0_302/jre/lib/jce.jar:/Users/wipadakaewthong/Library/Java/JavaVirtualMachines/liberica-1.8.0_302/jre/lib/charsets.jar:/Users/wipadakaewthong/Library/Java/JavaVirtualMachines/liberica-1.8.0_302/jre/lib/jfr.jar:/Users/wipadakaewthong/Library/Java/JavaVirtualMachines/liberica-1.8.0_302/jre/classes" />
    <property name="java.vendor" value="BellSoft" />
    <property name="file.separator" value="/" />
    <property name="java.vendor.url.bug" value="https://bell-sw.com/support" />
    <property name="sun.cpu.endian" value="little" />
    <property name="sun.io.unicode.encoding" value="UnicodeBig" />
    <property name="ant.file.type" value="file" />
    <property name="socksNonProxyHosts" value="local|*.local|169.254/16|*.169.254/16" />
    <property name="ftp.nonProxyHosts" value="local|*.local|169.254/16|*.169.254/16" />
    <property name="sun.cpu.isalist" value="" />
  </properties>
  <error message=" RationalTest " type="java.lang.ClassNotFoundException">java.lang.ClassNotFoundException:  RationalTest 
	at java.lang.ClassLoader.loadClass(ClassLoader.java:351)
	at java.lang.Class.forName0(Native Method)
	at java.lang.Class.forName(Class.java:348)
	at com.intellij.rt.ant.execution.AntMain2.main(AntMain2.java:31)
</error>
  <system-out><![CDATA[]]></system-out>
  <system-err><![CDATA[]]></system-err>
</testsuite>
