<?xml version="1.0" encoding="UTF-8"?>
<testsuite name="RationalTest" tests="8" skipped="0" failures="0" errors="0" timestamp="2021-09-07T09:59:15" hostname="wpds-MacBook-Pro.local" time="0.001">
  <properties/>
  <testcase name="testAdd" classname="RationalTest" time="0.001"/>
  <testcase name="testSubtract" classname="RationalTest" time="0.0"/>
  <testcase name="testAdd2" classname="RationalTest" time="0.0"/>
  <testcase name="testToString" classname="RationalTest" time="0.0"/>
  <testcase name="testCompare" classname="RationalTest" time="0.0"/>
  <testcase name="testMutiply" classname="RationalTest" time="0.0"/>
  <testcase name="testDevide" classname="RationalTest" time="0.0"/>
  <testcase name="testEquals" classname="RationalTest" time="0.0"/>
  <system-out><![CDATA[]]></system-out>
  <system-err><![CDATA[]]></system-err>
</testsuite>
